2024-06-16 00:18:14,990 - INFO - ('Current icons color ', None, 'New icons color', '#ffffff')
2024-06-16 00:18:14,991 - INFO - Generating icons for your theme, please wait. This may take long
2024-06-16 00:18:15,150 - INFO - ('DONE: Current icons color ', '#ffffff')
2024-06-16 00:35:55,523 - INFO - Checking icons for Default-theme theme. Icons color: #ffffff
2024-06-16 00:35:55,683 - INFO - Checking icons for Default-theme theme. Icons color: #ffffff
2024-06-16 00:35:55,856 - INFO - Checking icons for qt designer app.
2024-06-16 00:39:22,301 - INFO - Checking icons for Default-theme theme. Icons color: #ffffff
2024-06-16 00:39:22,474 - INFO - Checking icons for Default-theme theme. Icons color: #ffffff
2024-06-16 00:39:22,645 - INFO - Checking icons for qt designer app.
2024-06-16 00:39:24,812 - INFO - all icons have been checked and missing icons generated!
2024-06-16 00:40:21,747 - INFO - Checking icons for Default-theme theme. Icons color: #ffffff
2024-06-16 00:40:21,932 - INFO - Checking icons for Default-theme theme. Icons color: #ffffff
2024-06-16 00:40:22,104 - INFO - Checking icons for qt designer app.
2024-06-16 00:40:22,282 - INFO - all icons have been checked and missing icons generated!
2024-06-16 00:43:15,297 - INFO - Checking icons for Default-theme theme. Icons color: #ffffff
2024-06-16 00:43:15,471 - INFO - Checking icons for Default-theme theme. Icons color: #ffffff
2024-06-16 00:43:15,636 - INFO - Checking icons for qt designer app.
2024-06-16 00:43:15,875 - INFO - all icons have been checked and missing icons generated!
2024-06-16 00:44:32,325 - INFO - Checking icons for Default-theme theme. Icons color: #ffffff
2024-06-16 00:44:32,566 - INFO - Checking icons for Default-theme theme. Icons color: #ffffff
2024-06-16 00:44:32,755 - INFO - Checking icons for qt designer app.
2024-06-16 00:44:33,088 - INFO - all icons have been checked and missing icons generated!
2024-06-16 00:46:36,308 - INFO - Checking icons for Default-theme theme. Icons color: #ffffff
2024-06-16 00:46:36,461 - INFO - Checking icons for Default-theme theme. Icons color: #ffffff
2024-06-16 00:46:36,645 - INFO - Checking icons for qt designer app.
2024-06-16 00:46:36,793 - INFO - all icons have been checked and missing icons generated!
2024-06-16 00:47:06,251 - INFO - Checking icons for Default-theme theme. Icons color: #ffffff
2024-06-16 00:47:06,410 - INFO - Checking icons for Default-theme theme. Icons color: #ffffff
2024-06-16 00:47:06,561 - INFO - Checking icons for qt designer app.
2024-06-16 00:47:06,714 - INFO - all icons have been checked and missing icons generated!
2024-06-16 00:48:22,250 - INFO - Checking icons for Default-theme theme. Icons color: #ffffff
2024-06-16 00:48:22,410 - INFO - Checking icons for Default-theme theme. Icons color: #ffffff
2024-06-16 00:48:22,556 - INFO - Checking icons for qt designer app.
2024-06-16 00:48:22,714 - INFO - all icons have been checked and missing icons generated!
2024-06-16 00:49:47,088 - INFO - Checking icons for Default-theme theme. Icons color: #ffffff
2024-06-16 00:49:47,259 - INFO - Checking icons for Default-theme theme. Icons color: #ffffff
2024-06-16 00:49:47,440 - INFO - Checking icons for qt designer app.
2024-06-16 00:49:47,625 - INFO - all icons have been checked and missing icons generated!
2024-06-16 00:54:15,422 - INFO - Checking icons for Default-theme theme. Icons color: #ffffff
2024-06-16 00:54:15,603 - INFO - Checking icons for Default-theme theme. Icons color: #ffffff
2024-06-16 00:54:15,771 - INFO - Checking icons for qt designer app.
2024-06-16 00:54:36,988 - INFO - Checking icons for Default-theme theme. Icons color: #ffffff
2024-06-16 00:54:37,165 - INFO - Checking icons for Default-theme theme. Icons color: #ffffff
2024-06-16 00:54:37,349 - INFO - Checking icons for qt designer app.
2024-06-16 00:54:37,514 - INFO - all icons have been checked and missing icons generated!
2024-06-16 00:56:22,928 - INFO - Checking icons for Default-theme theme. Icons color: #ffffff
2024-06-16 00:56:23,090 - INFO - Checking icons for Default-theme theme. Icons color: #ffffff
2024-06-16 00:56:23,245 - INFO - Checking icons for qt designer app.
2024-06-16 00:56:23,392 - INFO - all icons have been checked and missing icons generated!
2024-06-16 00:57:00,020 - INFO - Checking icons for Default-theme theme. Icons color: #ffffff
2024-06-16 00:57:00,173 - INFO - Checking icons for Default-theme theme. Icons color: #ffffff
2024-06-16 00:57:00,349 - INFO - Checking icons for qt designer app.
2024-06-16 00:57:00,494 - INFO - all icons have been checked and missing icons generated!
2024-06-16 01:03:11,101 - INFO - Checking icons for Default-theme theme. Icons color: #ffffff
2024-06-16 01:03:11,273 - INFO - Checking icons for Default-theme theme. Icons color: #ffffff
2024-06-16 01:03:11,444 - INFO - Checking icons for qt designer app.
2024-06-16 01:03:11,620 - INFO - all icons have been checked and missing icons generated!
2024-06-16 01:05:19,004 - INFO - Checking icons for Default-theme theme. Icons color: #ffffff
2024-06-16 01:05:19,193 - INFO - Checking icons for Default-theme theme. Icons color: #ffffff
2024-06-16 01:05:19,367 - INFO - Checking icons for qt designer app.
2024-06-16 01:05:19,538 - INFO - all icons have been checked and missing icons generated!
2024-06-16 01:05:45,680 - INFO - Checking icons for Default-theme theme. Icons color: #ffffff
2024-06-16 01:05:45,851 - INFO - Checking icons for Default-theme theme. Icons color: #ffffff
2024-06-16 01:05:46,035 - INFO - Checking icons for qt designer app.
2024-06-16 01:05:46,188 - INFO - all icons have been checked and missing icons generated!
2024-06-16 01:07:43,693 - INFO - Checking icons for Default-theme theme. Icons color: #ffffff
2024-06-16 01:07:43,867 - INFO - Checking icons for Default-theme theme. Icons color: #ffffff
2024-06-16 01:07:44,031 - INFO - Checking icons for qt designer app.
2024-06-16 01:07:44,191 - INFO - all icons have been checked and missing icons generated!
2024-06-16 01:08:03,698 - INFO - Checking icons for Default-theme theme. Icons color: #ffffff
2024-06-16 01:08:03,881 - INFO - Checking icons for Default-theme theme. Icons color: #ffffff
2024-06-16 01:08:04,045 - INFO - Checking icons for qt designer app.
2024-06-16 01:08:04,208 - INFO - all icons have been checked and missing icons generated!
2024-06-16 01:11:34,407 - INFO - Checking icons for Default-theme theme. Icons color: #ffffff
2024-06-16 01:11:34,560 - INFO - Checking icons for Default-theme theme. Icons color: #ffffff
2024-06-16 01:11:34,718 - INFO - Checking icons for qt designer app.
2024-06-16 01:11:34,886 - INFO - all icons have been checked and missing icons generated!
2024-06-16 01:22:25,600 - INFO - Checking icons for Default-theme theme. Icons color: #ffffff
2024-06-16 01:22:25,765 - INFO - Checking icons for Default-theme theme. Icons color: #ffffff
2024-06-16 01:22:25,926 - INFO - Checking icons for qt designer app.
2024-06-16 01:22:26,081 - INFO - all icons have been checked and missing icons generated!
2024-06-16 01:40:18,034 - INFO - Checking icons for Default-theme theme. Icons color: #ffffff
2024-06-16 01:40:18,203 - INFO - Checking icons for Default-theme theme. Icons color: #ffffff
2024-06-16 01:40:18,361 - INFO - Checking icons for qt designer app.
2024-06-16 01:40:18,508 - INFO - all icons have been checked and missing icons generated!
2024-06-16 01:41:07,233 - INFO - Checking icons for Default-theme theme. Icons color: #ffffff
2024-06-16 01:41:07,394 - INFO - Checking icons for Default-theme theme. Icons color: #ffffff
2024-06-16 01:41:07,545 - INFO - Checking icons for qt designer app.
2024-06-16 01:41:07,753 - INFO - all icons have been checked and missing icons generated!
2024-06-16 02:06:19,669 - INFO - Checking icons for Default-theme theme. Icons color: #ffffff
2024-06-16 02:06:19,858 - INFO - Checking icons for Default-theme theme. Icons color: #ffffff
2024-06-16 02:06:20,032 - INFO - Checking icons for qt designer app.
2024-06-16 02:06:20,203 - INFO - all icons have been checked and missing icons generated!
2024-06-16 02:07:13,062 - INFO - Checking icons for Default-theme theme. Icons color: #ffffff
2024-06-16 02:07:13,222 - INFO - Checking icons for Default-theme theme. Icons color: #ffffff
2024-06-16 02:07:13,387 - INFO - Checking icons for qt designer app.
2024-06-16 02:07:13,540 - INFO - all icons have been checked and missing icons generated!
2024-06-16 02:07:37,927 - INFO - Checking icons for Default-theme theme. Icons color: #ffffff
2024-06-16 02:07:38,090 - INFO - Checking icons for Default-theme theme. Icons color: #ffffff
2024-06-16 02:07:38,238 - INFO - Checking icons for qt designer app.
2024-06-16 02:07:38,386 - INFO - all icons have been checked and missing icons generated!
2024-06-16 02:10:31,714 - INFO - Checking icons for Default-theme theme. Icons color: #ffffff
2024-06-16 02:10:31,924 - INFO - Checking icons for Default-theme theme. Icons color: #ffffff
2024-06-16 02:10:32,084 - INFO - Checking icons for qt designer app.
2024-06-16 02:10:32,278 - INFO - all icons have been checked and missing icons generated!
2024-06-16 05:39:14,372 - INFO - Checking icons for Default-theme theme. Icons color: #ffffff
2024-06-16 05:39:14,525 - INFO - Checking icons for Default-theme theme. Icons color: #ffffff
2024-06-16 05:39:14,670 - INFO - Checking icons for qt designer app.
2024-06-16 05:39:14,824 - INFO - all icons have been checked and missing icons generated!
2024-06-16 05:39:52,489 - INFO - Checking icons for Default-theme theme. Icons color: #ffffff
2024-06-16 05:39:52,660 - INFO - Checking icons for Default-theme theme. Icons color: #ffffff
2024-06-16 05:39:52,829 - INFO - Checking icons for qt designer app.
2024-06-16 05:39:52,988 - INFO - all icons have been checked and missing icons generated!
2024-06-16 07:48:32,048 - INFO - Checking icons for Default-theme theme. Icons color: #ffffff
2024-06-16 07:48:32,251 - INFO - Checking icons for Default-theme theme. Icons color: #ffffff
2024-06-16 07:48:32,518 - INFO - Checking icons for qt designer app.
2024-06-16 07:48:32,736 - INFO - all icons have been checked and missing icons generated!
2024-06-16 07:50:15,146 - INFO - Checking icons for Default-theme theme. Icons color: #ffffff
2024-06-16 07:50:15,393 - INFO - Checking icons for Default-theme theme. Icons color: #ffffff
2024-06-16 07:50:15,615 - INFO - Checking icons for qt designer app.
2024-06-16 07:50:15,849 - INFO - all icons have been checked and missing icons generated!
2024-06-16 07:59:35,680 - INFO - Checking icons for Default-theme theme. Icons color: #ffffff
2024-06-16 07:59:35,877 - INFO - Checking icons for Default-theme theme. Icons color: #ffffff
2024-06-16 07:59:36,073 - INFO - Checking icons for qt designer app.
2024-06-16 07:59:36,283 - INFO - all icons have been checked and missing icons generated!
2024-06-16 08:01:53,988 - INFO - Checking icons for Default-theme theme. Icons color: #ffffff
2024-06-16 08:01:54,229 - INFO - Checking icons for Default-theme theme. Icons color: #ffffff
2024-06-16 08:01:54,449 - INFO - Checking icons for qt designer app.
2024-06-16 08:01:54,662 - INFO - all icons have been checked and missing icons generated!
2024-06-16 08:03:29,100 - INFO - Checking icons for Default-theme theme. Icons color: #ffffff
2024-06-16 08:03:29,328 - INFO - Checking icons for Default-theme theme. Icons color: #ffffff
2024-06-16 08:03:29,564 - INFO - Checking icons for qt designer app.
2024-06-16 08:03:29,774 - INFO - all icons have been checked and missing icons generated!
2024-06-16 08:11:24,411 - INFO - Checking icons for Default-theme theme. Icons color: #ffffff
2024-06-16 08:11:24,652 - INFO - Checking icons for Default-theme theme. Icons color: #ffffff
2024-06-16 08:11:24,847 - INFO - Checking icons for qt designer app.
2024-06-16 08:11:25,054 - INFO - all icons have been checked and missing icons generated!
2024-06-16 08:12:20,658 - INFO - Checking icons for Default-theme theme. Icons color: #ffffff
2024-06-16 08:12:20,854 - INFO - Checking icons for Default-theme theme. Icons color: #ffffff
2024-06-16 08:12:21,063 - INFO - Checking icons for qt designer app.
2024-06-16 08:12:21,273 - INFO - all icons have been checked and missing icons generated!
2024-06-16 08:12:55,693 - INFO - Checking icons for Default-theme theme. Icons color: #ffffff
2024-06-16 08:12:55,928 - INFO - Checking icons for Default-theme theme. Icons color: #ffffff
2024-06-16 08:12:56,163 - INFO - Checking icons for qt designer app.
2024-06-16 08:12:56,397 - INFO - all icons have been checked and missing icons generated!
2024-06-16 08:19:54,666 - INFO - Checking icons for Default-theme theme. Icons color: #ffffff
2024-06-16 08:19:54,881 - INFO - Checking icons for Default-theme theme. Icons color: #ffffff
2024-06-16 08:19:55,109 - INFO - Checking icons for qt designer app.
2024-06-16 08:19:55,312 - INFO - all icons have been checked and missing icons generated!
2024-06-16 08:27:50,011 - INFO - Checking icons for Default-theme theme. Icons color: #ffffff
2024-06-16 08:27:50,252 - INFO - Checking icons for Default-theme theme. Icons color: #ffffff
2024-06-16 08:27:50,482 - INFO - Checking icons for qt designer app.
2024-06-16 08:27:50,689 - INFO - all icons have been checked and missing icons generated!
2024-06-16 08:28:42,202 - INFO - Checking icons for Default-theme theme. Icons color: #ffffff
2024-06-16 08:28:42,431 - INFO - Checking icons for Default-theme theme. Icons color: #ffffff
2024-06-16 08:28:42,651 - INFO - Checking icons for qt designer app.
2024-06-16 08:28:42,855 - INFO - all icons have been checked and missing icons generated!
2024-06-16 08:29:58,279 - INFO - Checking icons for Default-theme theme. Icons color: #ffffff
2024-06-16 08:29:58,509 - INFO - Checking icons for Default-theme theme. Icons color: #ffffff
2024-06-16 08:29:58,748 - INFO - Checking icons for qt designer app.
2024-06-16 08:29:58,983 - INFO - all icons have been checked and missing icons generated!
2024-06-16 08:34:16,579 - INFO - Checking icons for Default-theme theme. Icons color: #ffffff
2024-06-16 08:34:16,806 - INFO - Checking icons for Default-theme theme. Icons color: #ffffff
2024-06-16 08:34:17,026 - INFO - Checking icons for qt designer app.
2024-06-16 08:34:17,250 - INFO - all icons have been checked and missing icons generated!
2024-06-16 08:36:38,759 - INFO - Checking icons for Default-theme theme. Icons color: #ffffff
2024-06-16 08:36:38,969 - INFO - Checking icons for Default-theme theme. Icons color: #ffffff
2024-06-16 08:36:39,189 - INFO - Checking icons for qt designer app.
2024-06-16 08:36:39,397 - INFO - all icons have been checked and missing icons generated!
2024-06-16 08:37:16,778 - INFO - Checking icons for Default-theme theme. Icons color: #ffffff
2024-06-16 08:37:17,005 - INFO - Checking icons for Default-theme theme. Icons color: #ffffff
2024-06-16 08:37:17,239 - INFO - Checking icons for qt designer app.
2024-06-16 08:37:17,481 - INFO - all icons have been checked and missing icons generated!
2024-06-16 08:37:39,049 - INFO - Checking icons for Default-theme theme. Icons color: #ffffff
2024-06-16 08:37:39,287 - INFO - Checking icons for Default-theme theme. Icons color: #ffffff
2024-06-16 08:37:39,517 - INFO - Checking icons for qt designer app.
2024-06-16 08:37:39,735 - INFO - all icons have been checked and missing icons generated!
2024-06-16 08:37:53,530 - INFO - Checking icons for Default-theme theme. Icons color: #ffffff
2024-06-16 08:37:53,780 - INFO - Checking icons for Default-theme theme. Icons color: #ffffff
2024-06-16 08:37:54,018 - INFO - Checking icons for qt designer app.
2024-06-16 08:37:54,253 - INFO - all icons have been checked and missing icons generated!
2024-06-16 08:41:25,597 - INFO - Checking icons for Default-theme theme. Icons color: #ffffff
2024-06-16 08:41:25,780 - INFO - Checking icons for Default-theme theme. Icons color: #ffffff
2024-06-16 08:41:25,955 - INFO - Checking icons for qt designer app.
2024-06-16 08:41:45,627 - INFO - Checking icons for Default-theme theme. Icons color: #ffffff
2024-06-16 08:41:45,857 - INFO - Checking icons for Default-theme theme. Icons color: #ffffff
2024-06-16 08:41:46,070 - INFO - Checking icons for qt designer app.
2024-06-16 08:41:46,284 - INFO - all icons have been checked and missing icons generated!
2024-06-16 08:43:36,755 - INFO - Checking icons for Default-theme theme. Icons color: #ffffff
2024-06-16 08:43:36,974 - INFO - Checking icons for Default-theme theme. Icons color: #ffffff
2024-06-16 08:43:37,182 - INFO - Checking icons for qt designer app.
2024-06-16 08:43:37,389 - INFO - all icons have been checked and missing icons generated!
2024-06-16 08:47:05,873 - INFO - Checking icons for Default-theme theme. Icons color: #ffffff
2024-06-16 08:47:06,114 - INFO - Checking icons for Default-theme theme. Icons color: #ffffff
2024-06-16 08:47:06,318 - INFO - Checking icons for qt designer app.
2024-06-16 08:47:06,533 - INFO - all icons have been checked and missing icons generated!
2024-06-16 08:50:39,635 - INFO - Checking icons for Default-theme theme. Icons color: #ffffff
2024-06-16 08:51:20,356 - INFO - Checking icons for Default-theme theme. Icons color: #ffffff
2024-06-16 08:51:20,574 - INFO - Checking icons for Default-theme theme. Icons color: #ffffff
2024-06-16 08:51:20,765 - INFO - Checking icons for qt designer app.
2024-06-16 08:51:33,361 - INFO - Checking icons for Default-theme theme. Icons color: #ffffff
2024-06-16 08:51:33,608 - INFO - Checking icons for Default-theme theme. Icons color: #ffffff
2024-06-16 08:51:33,802 - INFO - Checking icons for qt designer app.
2024-06-16 08:51:34,018 - INFO - all icons have been checked and missing icons generated!
2024-06-16 08:53:00,771 - INFO - Checking icons for Default-theme theme. Icons color: #ffffff
2024-06-16 08:53:01,002 - INFO - Checking icons for Default-theme theme. Icons color: #ffffff
2024-06-16 08:53:01,224 - INFO - Checking icons for qt designer app.
2024-06-16 08:53:01,442 - INFO - all icons have been checked and missing icons generated!
2024-06-16 08:54:22,778 - INFO - Checking icons for Default-theme theme. Icons color: #ffffff
2024-06-16 08:54:23,001 - INFO - Checking icons for Default-theme theme. Icons color: #ffffff
2024-06-16 08:54:23,228 - INFO - Checking icons for qt designer app.
2024-06-16 08:54:23,443 - INFO - all icons have been checked and missing icons generated!
2024-06-16 08:55:34,687 - INFO - Checking icons for Default-theme theme. Icons color: #ffffff
2024-06-16 08:55:34,942 - INFO - Checking icons for Default-theme theme. Icons color: #ffffff
2024-06-16 08:55:35,168 - INFO - Checking icons for qt designer app.
2024-06-16 08:55:35,396 - INFO - all icons have been checked and missing icons generated!
2024-06-16 08:58:14,515 - INFO - Checking icons for Default-theme theme. Icons color: #ffffff
2024-06-16 08:58:14,751 - INFO - Checking icons for Default-theme theme. Icons color: #ffffff
2024-06-16 08:58:14,978 - INFO - Checking icons for qt designer app.
2024-06-16 08:58:15,181 - INFO - all icons have been checked and missing icons generated!
2024-06-16 09:02:55,770 - INFO - Checking icons for Default-theme theme. Icons color: #ffffff
2024-06-16 09:02:56,012 - INFO - Checking icons for Default-theme theme. Icons color: #ffffff
2024-06-16 09:02:56,255 - INFO - Checking icons for qt designer app.
2024-06-16 09:02:56,465 - INFO - all icons have been checked and missing icons generated!
2024-06-16 09:04:35,575 - INFO - Checking icons for Default-theme theme. Icons color: #ffffff
2024-06-16 09:04:35,793 - INFO - Checking icons for Default-theme theme. Icons color: #ffffff
2024-06-16 09:04:36,008 - INFO - Checking icons for qt designer app.
2024-06-16 09:04:36,203 - INFO - all icons have been checked and missing icons generated!
2024-06-16 09:05:15,160 - INFO - Checking icons for Default-theme theme. Icons color: #ffffff
2024-06-16 09:05:15,382 - INFO - Checking icons for Default-theme theme. Icons color: #ffffff
2024-06-16 09:05:15,710 - INFO - Checking icons for qt designer app.
2024-06-16 09:05:15,918 - INFO - all icons have been checked and missing icons generated!
2024-06-16 09:05:59,119 - INFO - Checking icons for Default-theme theme. Icons color: #ffffff
2024-06-16 09:05:59,347 - INFO - Checking icons for Default-theme theme. Icons color: #ffffff
2024-06-16 09:05:59,570 - INFO - Checking icons for qt designer app.
2024-06-16 09:05:59,786 - INFO - all icons have been checked and missing icons generated!
2024-06-16 09:06:13,231 - INFO - Checking icons for Default-theme theme. Icons color: #ffffff
2024-06-16 09:06:13,457 - INFO - Checking icons for Default-theme theme. Icons color: #ffffff
2024-06-16 09:06:13,685 - INFO - Checking icons for qt designer app.
2024-06-16 09:06:13,912 - INFO - all icons have been checked and missing icons generated!
2024-06-16 09:06:31,522 - INFO - Checking icons for Default-theme theme. Icons color: #ffffff
2024-06-16 09:06:31,772 - INFO - Checking icons for Default-theme theme. Icons color: #ffffff
2024-06-16 09:06:31,999 - INFO - Checking icons for qt designer app.
2024-06-16 09:06:32,222 - INFO - all icons have been checked and missing icons generated!
2024-06-16 09:06:39,086 - INFO - Checking icons for Default-theme theme. Icons color: #ffffff
2024-06-16 09:06:39,317 - INFO - Checking icons for Default-theme theme. Icons color: #ffffff
2024-06-16 09:06:39,548 - INFO - Checking icons for qt designer app.
2024-06-16 09:06:39,788 - INFO - all icons have been checked and missing icons generated!
2024-06-16 09:08:33,544 - INFO - Checking icons for Default-theme theme. Icons color: #ffffff
2024-06-16 09:08:33,778 - INFO - Checking icons for Default-theme theme. Icons color: #ffffff
2024-06-16 09:08:34,006 - INFO - Checking icons for qt designer app.
2024-06-16 09:08:34,238 - INFO - all icons have been checked and missing icons generated!
2024-06-16 09:09:34,876 - INFO - Checking icons for Default-theme theme. Icons color: #ffffff
2024-06-16 09:09:35,112 - INFO - Checking icons for Default-theme theme. Icons color: #ffffff
2024-06-16 09:09:35,344 - INFO - Checking icons for qt designer app.
2024-06-16 09:09:35,558 - INFO - all icons have been checked and missing icons generated!
2024-06-16 09:10:18,170 - INFO - Checking icons for Default-theme theme. Icons color: #ffffff
2024-06-16 09:10:18,404 - INFO - Checking icons for Default-theme theme. Icons color: #ffffff
2024-06-16 09:10:18,634 - INFO - Checking icons for qt designer app.
2024-06-16 09:10:18,860 - INFO - all icons have been checked and missing icons generated!
2024-06-16 09:10:45,337 - INFO - Checking icons for Default-theme theme. Icons color: #ffffff
2024-06-16 09:10:45,574 - INFO - Checking icons for Default-theme theme. Icons color: #ffffff
2024-06-16 09:10:45,805 - INFO - Checking icons for qt designer app.
2024-06-16 09:10:46,038 - INFO - all icons have been checked and missing icons generated!
2024-06-16 09:11:52,354 - INFO - Checking icons for Default-theme theme. Icons color: #ffffff
2024-06-16 09:11:52,586 - INFO - Checking icons for Default-theme theme. Icons color: #ffffff
2024-06-16 09:11:52,806 - INFO - Checking icons for qt designer app.
2024-06-16 09:11:53,041 - INFO - all icons have been checked and missing icons generated!
2024-06-16 09:13:04,275 - INFO - Checking icons for Default-theme theme. Icons color: #ffffff
2024-06-16 09:13:04,505 - INFO - Checking icons for Default-theme theme. Icons color: #ffffff
2024-06-16 09:13:04,731 - INFO - Checking icons for qt designer app.
2024-06-16 09:13:04,961 - INFO - all icons have been checked and missing icons generated!
2024-06-16 09:13:26,595 - INFO - Checking icons for Default-theme theme. Icons color: #ffffff
2024-06-16 09:13:26,821 - INFO - Checking icons for Default-theme theme. Icons color: #ffffff
2024-06-16 09:13:27,045 - INFO - Checking icons for qt designer app.
2024-06-16 09:13:27,267 - INFO - all icons have been checked and missing icons generated!
2024-06-16 09:13:46,093 - INFO - Checking icons for Default-theme theme. Icons color: #ffffff
2024-06-16 09:13:46,320 - INFO - Checking icons for Default-theme theme. Icons color: #ffffff
2024-06-16 09:13:46,536 - INFO - Checking icons for qt designer app.
2024-06-16 09:13:46,755 - INFO - all icons have been checked and missing icons generated!
2024-06-16 09:15:05,049 - INFO - Checking icons for Default-theme theme. Icons color: #ffffff
2024-06-16 09:15:05,281 - INFO - Checking icons for Default-theme theme. Icons color: #ffffff
2024-06-16 09:15:05,505 - INFO - Checking icons for qt designer app.
2024-06-16 09:15:05,725 - INFO - all icons have been checked and missing icons generated!
2024-06-16 09:15:36,380 - INFO - Checking icons for Default-theme theme. Icons color: #ffffff
2024-06-16 09:15:36,619 - INFO - Checking icons for Default-theme theme. Icons color: #ffffff
2024-06-16 09:15:36,844 - INFO - Checking icons for qt designer app.
2024-06-16 09:15:37,060 - INFO - all icons have been checked and missing icons generated!
2024-06-16 09:15:53,018 - INFO - Checking icons for Default-theme theme. Icons color: #ffffff
2024-06-16 09:15:53,253 - INFO - Checking icons for Default-theme theme. Icons color: #ffffff
2024-06-16 09:15:53,479 - INFO - Checking icons for qt designer app.
2024-06-16 09:15:53,702 - INFO - all icons have been checked and missing icons generated!
2024-06-16 09:20:44,492 - INFO - Checking icons for Default-theme theme. Icons color: #ffffff
2024-06-16 09:20:44,735 - INFO - Checking icons for Default-theme theme. Icons color: #ffffff
2024-06-16 09:20:44,966 - INFO - Checking icons for qt designer app.
2024-06-16 09:20:45,205 - INFO - all icons have been checked and missing icons generated!
2024-06-16 09:27:01,762 - INFO - Checking icons for Default-theme theme. Icons color: #ffffff
2024-06-16 09:27:01,998 - INFO - Checking icons for Default-theme theme. Icons color: #ffffff
2024-06-16 09:27:02,236 - INFO - Checking icons for qt designer app.
2024-06-16 09:27:02,455 - INFO - all icons have been checked and missing icons generated!
2024-06-16 09:42:55,289 - INFO - Checking icons for Default-theme theme. Icons color: #ffffff
2024-06-16 09:42:55,518 - INFO - Checking icons for Default-theme theme. Icons color: #ffffff
2024-06-16 09:42:55,723 - INFO - Checking icons for qt designer app.
2024-06-16 09:42:55,960 - INFO - all icons have been checked and missing icons generated!
2024-06-16 09:46:04,199 - INFO - Checking icons for Default-theme theme. Icons color: #ffffff
2024-06-16 09:46:04,419 - INFO - Checking icons for Default-theme theme. Icons color: #ffffff
2024-06-16 09:46:04,663 - INFO - Checking icons for qt designer app.
2024-06-16 09:46:04,884 - INFO - all icons have been checked and missing icons generated!
2024-06-16 10:04:32,121 - INFO - Checking icons for Default-theme theme. Icons color: #ffffff
2024-06-16 10:04:32,372 - INFO - Checking icons for Default-theme theme. Icons color: #ffffff
2024-06-16 10:04:32,613 - INFO - Checking icons for qt designer app.
2024-06-16 10:04:32,844 - INFO - all icons have been checked and missing icons generated!
2024-06-16 10:04:48,462 - INFO - Checking icons for Default-theme theme. Icons color: #ffffff
2024-06-16 10:04:48,711 - INFO - Checking icons for Default-theme theme. Icons color: #ffffff
2024-06-16 10:04:48,937 - INFO - Checking icons for qt designer app.
2024-06-16 10:04:49,158 - INFO - all icons have been checked and missing icons generated!
2024-06-16 10:06:44,590 - INFO - Checking icons for Default-theme theme. Icons color: #ffffff
2024-06-16 10:06:44,833 - INFO - Checking icons for Default-theme theme. Icons color: #ffffff
2024-06-16 10:06:45,068 - INFO - Checking icons for qt designer app.
2024-06-16 10:06:45,318 - INFO - all icons have been checked and missing icons generated!
2024-06-16 10:09:22,476 - INFO - Checking icons for Default-theme theme. Icons color: #ffffff
2024-06-16 10:09:22,725 - INFO - Checking icons for Default-theme theme. Icons color: #ffffff
2024-06-16 10:09:22,958 - INFO - Checking icons for qt designer app.
2024-06-16 10:09:23,170 - INFO - all icons have been checked and missing icons generated!
2024-06-16 10:11:56,457 - INFO - Checking icons for Default-theme theme. Icons color: #ffffff
2024-06-16 10:11:56,707 - INFO - Checking icons for Default-theme theme. Icons color: #ffffff
2024-06-16 10:11:56,913 - INFO - Checking icons for qt designer app.
2024-06-16 10:11:57,115 - INFO - all icons have been checked and missing icons generated!
